# JRE version: OpenJDK Runtime Environment (8.0_275-b01) (build 1.8.0_275-b01)
# Java VM: OpenJDK 64-Bit Server VM (25.275-b01 mixed mode bsd-amd64 compressed oops)
Heap:
 PSYoungGen      total 1205760K, used 687924K [0x000000076ab00000, 0x00000007bde80000, 0x00000007c0000000)
  eden space 1050624K, 57% used [0x000000076ab00000,0x000000078f3fe2a8,0x00000007aad00000)
  from space 155136K, 57% used [0x00000007aad00000,0x00000007b03cf0f0,0x00000007b4480000)
  to   space 152064K, 0% used [0x00000007b4a00000,0x00000007b4a00000,0x00000007bde80000)
 ParOldGen       total 558592K, used 479691K [0x00000006c0000000, 0x00000006e2180000, 0x000000076ab00000)
  object space 558592K, 85% used [0x00000006c0000000,0x00000006dd472cb8,0x00000006e2180000)
 Metaspace       used 107043K, capacity 122342K, committed 122432K, reserved 1153024K
  class space    used 15365K, capacity 18811K, committed 18816K, reserved 1048576K
GC Heap History (10 events):
Event: 493.063 GC heap before
{Heap before GC invocations=101 (full 4):
 PSYoungGen      total 1212416K, used 1140989K [0x000000076ab00000, 0x00000007bf980000, 0x00000007c0000000)
  eden space 1030656K, 100% used [0x000000076ab00000,0x00000007a9980000,0x00000007a9980000)
  from space 181760K, 60% used [0x00000007b4580000,0x00000007bb13f720,0x00000007bf700000)
  to   space 176128K, 0% used [0x00000007a9980000,0x00000007a9980000,0x00000007b4580000)
 ParOldGen       total 558592K, used 456830K [0x00000006c0000000, 0x00000006e2180000, 0x000000076ab00000)
  object space 558592K, 81% used [0x00000006c0000000,0x00000006dbe1fae8,0x00000006e2180000)
 Metaspace       used 106994K, capacity 122302K, committed 122432K, reserved 1153024K
  class space    used 15354K, capacity 18797K, committed 18816K, reserved 1048576K
Event: 493.124 GC heap after
Heap after GC invocations=101 (full 4):
 PSYoungGen      total 1206784K, used 101917K [0x000000076ab00000, 0x00000007bed80000, 0x00000007c0000000)
  eden space 1030656K, 0% used [0x000000076ab00000,0x000000076ab00000,0x00000007a9980000)
  from space 176128K, 57% used [0x00000007a9980000,0x00000007afd07540,0x00000007b4580000)
  to   space 169472K, 0% used [0x00000007b4800000,0x00000007b4800000,0x00000007bed80000)
 ParOldGen       total 558592K, used 465769K [0x00000006c0000000, 0x00000006e2180000, 0x000000076ab00000)
  object space 558592K, 83% used [0x00000006c0000000,0x00000006dc6da7e8,0x00000006e2180000)
 Metaspace       used 106994K, capacity 122302K, committed 122432K, reserved 1153024K
  class space    used 15354K, capacity 18797K, committed 18816K, reserved 1048576K
}
Event: 527.863 GC heap before
{Heap before GC invocations=102 (full 4):
 PSYoungGen      total 1206784K, used 1132573K [0x000000076ab00000, 0x00000007bed80000, 0x00000007c0000000)
  eden space 1030656K, 100% used [0x000000076ab00000,0x00000007a9980000,0x00000007a9980000)
  from space 176128K, 57% used [0x00000007a9980000,0x00000007afd07540,0x00000007b4580000)
  to   space 169472K, 0% used [0x00000007b4800000,0x00000007b4800000,0x00000007bed80000)
 ParOldGen       total 558592K, used 465769K [0x00000006c0000000, 0x00000006e2180000, 0x000000076ab00000)
  object space 558592K, 83% used [0x00000006c0000000,0x00000006dc6da7e8,0x00000006e2180000)
 Metaspace       used 106995K, capacity 122302K, committed 122432K, reserved 1153024K
  class space    used 15354K, capacity 18797K, committed 18816K, reserved 1048576K
Event: 527.918 GC heap after
Heap after GC invocations=102 (full 4):
 PSYoungGen      total 1201152K, used 99357K [0x000000076ab00000, 0x00000007be400000, 0x00000007c0000000)
  eden space 1041408K, 0% used [0x000000076ab00000,0x000000076ab00000,0x00000007aa400000)
  from space 159744K, 62% used [0x00000007b4800000,0x00000007ba907518,0x00000007be400000)
  to   space 163840K, 0% used [0x00000007aa400000,0x00000007aa400000,0x00000007b4400000)
 ParOldGen       total 558592K, used 468363K [0x00000006c0000000, 0x00000006e2180000, 0x000000076ab00000)
  object space 558592K, 83% used [0x00000006c0000000,0x00000006dc962d88,0x00000006e2180000)
 Metaspace       used 106995K, capacity 122302K, committed 122432K, reserved 1153024K
  class space    used 15354K, capacity 18797K, committed 18816K, reserved 1048576K
}
Event: 569.254 GC heap before
{Heap before GC invocations=103 (full 4):
 PSYoungGen      total 1201152K, used 1140765K [0x000000076ab00000, 0x00000007be400000, 0x00000007c0000000)
  eden space 1041408K, 100% used [0x000000076ab00000,0x00000007aa400000,0x00000007aa400000)
  from space 159744K, 62% used [0x00000007b4800000,0x00000007ba907518,0x00000007be400000)
  to   space 163840K, 0% used [0x00000007aa400000,0x00000007aa400000,0x00000007b4400000)
 ParOldGen       total 558592K, used 468363K [0x00000006c0000000, 0x00000006e2180000, 0x000000076ab00000)
  object space 558592K, 83% used [0x00000006c0000000,0x00000006dc962d88,0x00000006e2180000)
 Metaspace       used 106995K, capacity 122302K, committed 122432K, reserved 1153024K
  class space    used 15354K, capacity 18797K, committed 18816K, reserved 1048576K
Event: 569.308 GC heap after
Heap after GC invocations=103 (full 4):
 PSYoungGen      total 1205248K, used 96056K [0x000000076ab00000, 0x00000007be480000, 0x00000007c0000000)
  eden space 1041408K, 0% used [0x000000076ab00000,0x000000076ab00000,0x00000007aa400000)
  from space 163840K, 58% used [0x00000007aa400000,0x00000007b01ce120,0x00000007b4400000)
  to   space 159232K, 0% used [0x00000007b4900000,0x00000007b4900000,0x00000007be480000)
 ParOldGen       total 558592K, used 471852K [0x00000006c0000000, 0x00000006e2180000, 0x000000076ab00000)
  object space 558592K, 84% used [0x00000006c0000000,0x00000006dcccb130,0x00000006e2180000)
 Metaspace       used 106995K, capacity 122302K, committed 122432K, reserved 1153024K
  class space    used 15354K, capacity 18797K, committed 18816K, reserved 1048576K
}
Event: 597.891 GC heap before
{Heap before GC invocations=104 (full 4):
 PSYoungGen      total 1205248K, used 1137464K [0x000000076ab00000, 0x00000007be480000, 0x00000007c0000000)
  eden space 1041408K, 100% used [0x000000076ab00000,0x00000007aa400000,0x00000007aa400000)
  from space 163840K, 58% used [0x00000007aa400000,0x00000007b01ce120,0x00000007b4400000)
  to   space 159232K, 0% used [0x00000007b4900000,0x00000007b4900000,0x00000007be480000)
 ParOldGen       total 558592K, used 471852K [0x00000006c0000000, 0x00000006e2180000, 0x000000076ab00000)
  object space 558592K, 84% used [0x00000006c0000000,0x00000006dcccb130,0x00000006e2180000)
 Metaspace       used 107001K, capacity 122306K, committed 122432K, reserved 1153024K
  class space    used 15354K, capacity 18797K, committed 18816K, reserved 1048576K
Event: 597.945 GC heap after
Heap after GC invocations=104 (full 4):
 PSYoungGen      total 1201152K, used 93404K [0x000000076ab00000, 0x00000007bdc00000, 0x00000007c0000000)
  eden space 1050624K, 0% used [0x000000076ab00000,0x000000076ab00000,0x00000007aad00000)
  from space 150528K, 62% used [0x00000007b4900000,0x00000007ba437240,0x00000007bdc00000)
  to   space 155136K, 0% used [0x00000007aad00000,0x00000007aad00000,0x00000007b4480000)
 ParOldGen       total 558592K, used 475003K [0x00000006c0000000, 0x00000006e2180000, 0x000000076ab00000)
  object space 558592K, 85% used [0x00000006c0000000,0x00000006dcfdee58,0x00000006e2180000)
 Metaspace       used 107001K, capacity 122306K, committed 122432K, reserved 1153024K
  class space    used 15354K, capacity 18797K, committed 18816K, reserved 1048576K
}
Event: 633.500 GC heap before
{Heap before GC invocations=105 (full 4):
 PSYoungGen      total 1201152K, used 1144028K [0x000000076ab00000, 0x00000007bdc00000, 0x00000007c0000000)
  eden space 1050624K, 100% used [0x000000076ab00000,0x00000007aad00000,0x00000007aad00000)
  from space 150528K, 62% used [0x00000007b4900000,0x00000007ba437240,0x00000007bdc00000)
  to   space 155136K, 0% used [0x00000007aad00000,0x00000007aad00000,0x00000007b4480000)
 ParOldGen       total 558592K, used 475003K [0x00000006c0000000, 0x00000006e2180000, 0x000000076ab00000)
  object space 558592K, 85% used [0x00000006c0000000,0x00000006dcfdee58,0x00000006e2180000)
 Metaspace       used 107003K, capacity 122306K, committed 122432K, reserved 1153024K
  class space    used 15354K, capacity 18797K, committed 18816K, reserved 1048576K
Event: 633.554 GC heap after
Heap after GC invocations=105 (full 4):
 PSYoungGen      total 1205760K, used 88892K [0x000000076ab00000, 0x00000007bde80000, 0x00000007c0000000)
  eden space 1050624K, 0% used [0x000000076ab00000,0x000000076ab00000,0x00000007aad00000)
  from space 155136K, 57% used [0x00000007aad00000,0x00000007b03cf0f0,0x00000007b4480000)
  to   space 152064K, 0% used [0x00000007b4a00000,0x00000007b4a00000,0x00000007bde80000)
 ParOldGen       total 558592K, used 479691K [0x00000006c0000000, 0x00000006e2180000, 0x000000076ab00000)
  object space 558592K, 85% used [0x00000006c0000000,0x00000006dd472cb8,0x00000006e2180000)
 Metaspace       used 107003K, capacity 122306K, committed 122432K, reserved 1153024K
  class space    used 15354K, capacity 18797K, committed 18816K, reserved 1048576K
}

